BioNetGen version 2.9.2
Reading from file /Users/elymiller/Desktop/2025_NAU_FLU/current_job/results/Alabama/Results/Alabama_gen31ind8/2025_10_07__21_42_39/Alabama_gen31ind8.bngl (level 0)
Read 12 parameters.
Read 4 molecule types.
Read 3 species.
Read 4 observable(s).
Read 2 functions.
Read 3 reaction rule(s).
ACTION: generate_network( Alabama_gen31ind8 )
Iteration   0:     3 species      0 rxns  0.00e+00 CPU s
Iteration   1:     4 species      3 rxns  0.00e+00 CPU s
Iteration   2:     4 species      3 rxns  0.00e+00 CPU s
Cumulative CPU time for each rule
Rule   1:     1 reactions 0.00e+00 CPU s 0.00e+00 CPU s/rxn
Rule   2:     1 reactions 0.00e+00 CPU s 0.00e+00 CPU s/rxn
Rule   3:     1 reactions 0.00e+00 CPU s 0.00e+00 CPU s/rxn
Total   :     3 reactions 0.00e+00 CPU s 0.00e+00 CPU s/rxn
Wrote network in net format to ./Alabama_gen31ind8.net.
CPU TIME: generate_network 0.00 s.
ACTION: simulate( method=>"cvode" )
TSTART:0
TEND:12
Network simulation using cvode
Wrote network in net format to ./Alabama_gen31ind8_Alabama_flu.net.
Running run_network on Elys-MacBook-Pro.local
full command: /Users/elymiller/opt/anaconda3/lib/python3.8/site-packages/bionetgen/bng-mac/bin/run_network -o ./Alabama_gen31ind8_Alabama_flu -p cvode -a 1e-08 -r 1e-08 --cdat 1 --fdat 1 -g ./Alabama_gen31ind8_Alabama_flu.net ./Alabama_gen31ind8_Alabama_flu.net 1 12
[simulation PID is: 76537]
run_network 3.0
Activating functions output (to .gdat)
Read 13 parameters from ./Alabama_gen31ind8_Alabama_flu.net
Read 4 species from ./Alabama_gen31ind8_Alabama_flu.net
Read 4 group(s) from ./Alabama_gen31ind8_Alabama_flu.net
Read 2 function(s) from ./Alabama_gen31ind8_Alabama_flu.net
Found species with index 0 at line 28: assuming this is the null species.
Read 3 reaction(s) from ./Alabama_gen31ind8_Alabama_flu.net
3 reaction(s) have nonzero rate
Initialization took 0.00 CPU seconds
Propagating with cvode using dense LU
Time course of concentrations written to file ./Alabama_gen31ind8_Alabama_flu.cdat.
Time course of groups written to file ./Alabama_gen31ind8_Alabama_flu.gdat.
Time course of functions written to file ./Alabama_gen31ind8_Alabama_flu.gdat.
Propagation took 0.00e+00 CPU seconds
Program times:  0.00 CPU s 0.00 clock s
Updating species concentrations from ./Alabama_gen31ind8_Alabama_flu.cdat
CPU TIME: simulate 0.01 s.
Finished processing file /Users/elymiller/Desktop/2025_NAU_FLU/current_job/results/Alabama/Results/Alabama_gen31ind8/2025_10_07__21_42_39/Alabama_gen31ind8.bngl.
CPU TIME: total 0.03 s.